<?xml version="1.0" encoding="UTF-8"?>
<!-- Generated by org.testng.reporters.JUnitXMLReporter -->
<testsuite hostname="hp" name="Default test" tests="4" failures="0" timestamp="4 May 2020 07:46:09 GMT" time="49.556" errors="0">
  <testcase name="create_Channel" time="30.544" classname="com.slack.test.Channel_Test"/>
  <testcase name="join_Channel" time="4.642" classname="com.slack.test.Channel_Test"/>
  <testcase name="rename_Channel" time="3.572" classname="com.slack.test.Channel_Test"/>
  <testcase name="get_Channels" time="3.802" classname="com.slack.test.Channel_Test"/>
</testsuite> <!-- Default test -->
