<?xml version="1.0" encoding="UTF-8"?>
<testng-results skipped="0" failed="0" total="5" passed="5">
  <reporter-output>
  </reporter-output>
  <suite name="Channel_Suite" duration-ms="26903" started-at="2020-05-04T11:56:07Z" finished-at="2020-05-04T11:56:34Z">
    <groups>
    </groups>
    <test name="Channel_Validate" duration-ms="26903" started-at="2020-05-04T11:56:07Z" finished-at="2020-05-04T11:56:34Z">
      <class name="com.slack.Test.ChannelTest">
        <test-method status="PASS" signature="setup()[pri:0, instance:com.slack.Test.ChannelTest@7e0babb1]" name="setup" is-config="true" duration-ms="8072" started-at="2020-05-04T17:26:07Z" finished-at="2020-05-04T17:26:15Z">
          <reporter-output>
          </reporter-output>
        </test-method> <!-- setup -->
        <test-method status="PASS" signature="createChannel()[pri:0, instance:com.slack.Test.ChannelTest@7e0babb1]" name="createChannel" duration-ms="11155" started-at="2020-05-04T17:26:15Z" finished-at="2020-05-04T17:26:26Z">
          <reporter-output>
          </reporter-output>
        </test-method> <!-- createChannel -->
        <test-method status="PASS" signature="joinChannel()[pri:0, instance:com.slack.Test.ChannelTest@7e0babb1]" name="joinChannel" duration-ms="2062" started-at="2020-05-04T17:26:26Z" depends-on-methods="com.slack.Test.ChannelTest.createChannel" finished-at="2020-05-04T17:26:28Z">
          <reporter-output>
          </reporter-output>
        </test-method> <!-- joinChannel -->
        <test-method status="PASS" signature="renameChannel()[pri:0, instance:com.slack.Test.ChannelTest@7e0babb1]" name="renameChannel" duration-ms="1816" started-at="2020-05-04T17:26:28Z" depends-on-methods="com.slack.Test.ChannelTest.joinChannel" finished-at="2020-05-04T17:26:30Z">
          <reporter-output>
          </reporter-output>
        </test-method> <!-- renameChannel -->
        <test-method status="PASS" signature="getChannels()[pri:0, instance:com.slack.Test.ChannelTest@7e0babb1]" name="getChannels" duration-ms="2000" started-at="2020-05-04T17:26:30Z" depends-on-methods="com.slack.Test.ChannelTest.renameChannel" finished-at="2020-05-04T17:26:32Z">
          <reporter-output>
          </reporter-output>
        </test-method> <!-- getChannels -->
        <test-method status="PASS" signature="archiveChannel()[pri:0, instance:com.slack.Test.ChannelTest@7e0babb1]" name="archiveChannel" duration-ms="1642" started-at="2020-05-04T17:26:32Z" depends-on-methods="com.slack.Test.ChannelTest.getChannels" finished-at="2020-05-04T17:26:34Z">
          <reporter-output>
          </reporter-output>
        </test-method> <!-- archiveChannel -->
        <test-method status="PASS" signature="tearDown()[pri:0, instance:com.slack.Test.ChannelTest@7e0babb1]" name="tearDown" is-config="true" duration-ms="0" started-at="2020-05-04T17:26:34Z" finished-at="2020-05-04T17:26:34Z">
          <reporter-output>
          </reporter-output>
        </test-method> <!-- tearDown -->
      </class> <!-- com.slack.Test.ChannelTest -->
    </test> <!-- Channel_Validate -->
  </suite> <!-- Channel_Suite -->
</testng-results>
