<?xml version="1.0" encoding="UTF-8"?>
<!-- Generated by org.testng.reporters.JUnitXMLReporter -->
<testsuite hostname="hp" name="Channe_Validate" tests="5" failures="0" timestamp="3 May 2020 19:30:13 GMT" time="28.783" errors="0">
  <testcase name="create_Channel" time="20.108" classname="com.slack.Channel_Test"/>
  <testcase name="join_Channel" time="1.344" classname="com.slack.Channel_Test"/>
  <testcase name="rename_Channel" time="1.683" classname="com.slack.Channel_Test"/>
  <testcase name="get_Channels" time="1.652" classname="com.slack.Channel_Test"/>
  <testcase name="archive_Channel" time="1.531" classname="com.slack.Channel_Test"/>
</testsuite> <!-- Channe_Validate -->
