<?xml version="1.0" encoding="UTF-8"?>
<!-- Generated by org.testng.reporters.JUnitXMLReporter -->
<testsuite hostname="hp" name="Channel_Validate" tests="5" failures="0" timestamp="4 May 2020 08:18:34 GMT" time="76.822" errors="0">
  <testcase name="create_Channel" time="49.36" classname="com.slack.test.Channel_Test"/>
  <testcase name="join_Channel" time="3.255" classname="com.slack.test.Channel_Test"/>
  <testcase name="rename_Channel" time="3.897" classname="com.slack.test.Channel_Test"/>
  <testcase name="get_Channels" time="2.566" classname="com.slack.test.Channel_Test"/>
  <testcase name="archive_Channel" time="3.43" classname="com.slack.test.Channel_Test"/>
</testsuite> <!-- Channel_Validate -->
